Start testing: May 28 05:55 MSK
----------------------------------------------------------
1/5 Testing: test_concrete_product1
1/5 Test: test_concrete_product1
Command: "/Users/ignatvaschilo/badamPss/workspace/projects/rk/Catalog/Factory/easy/code/build/test_concrete_product1"
Directory: /Users/ignatvaschilo/badamPss/workspace/projects/rk/Catalog/Factory/easy/code/build
"test_concrete_product1" start time: May 28 05:55 MSK
Output:
----------------------------------------------------------
<end of output>
Test time =   0.22 sec
----------------------------------------------------------
Test Passed.
"test_concrete_product1" end time: May 28 05:55 MSK
"test_concrete_product1" time elapsed: 00:00:00
----------------------------------------------------------

2/5 Testing: test_concrete_product2
2/5 Test: test_concrete_product2
Command: "/Users/ignatvaschilo/badamPss/workspace/projects/rk/Catalog/Factory/easy/code/build/test_concrete_product2"
Directory: /Users/ignatvaschilo/badamPss/workspace/projects/rk/Catalog/Factory/easy/code/build
"test_concrete_product2" start time: May 28 05:55 MSK
Output:
----------------------------------------------------------
<end of output>
Test time =   0.22 sec
----------------------------------------------------------
Test Passed.
"test_concrete_product2" end time: May 28 05:55 MSK
"test_concrete_product2" time elapsed: 00:00:00
----------------------------------------------------------

3/5 Testing: test_creator1
3/5 Test: test_creator1
Command: "/Users/ignatvaschilo/badamPss/workspace/projects/rk/Catalog/Factory/easy/code/build/test_creator1"
Directory: /Users/ignatvaschilo/badamPss/workspace/projects/rk/Catalog/Factory/easy/code/build
"test_creator1" start time: May 28 05:55 MSK
Output:
----------------------------------------------------------
<end of output>
Test time =   0.20 sec
----------------------------------------------------------
Test Passed.
"test_creator1" end time: May 28 05:55 MSK
"test_creator1" time elapsed: 00:00:00
----------------------------------------------------------

4/5 Testing: test_creator2
4/5 Test: test_creator2
Command: "/Users/ignatvaschilo/badamPss/workspace/projects/rk/Catalog/Factory/easy/code/build/test_creator2"
Directory: /Users/ignatvaschilo/badamPss/workspace/projects/rk/Catalog/Factory/easy/code/build
"test_creator2" start time: May 28 05:55 MSK
Output:
----------------------------------------------------------
<end of output>
Test time =   0.20 sec
----------------------------------------------------------
Test Passed.
"test_creator2" end time: May 28 05:55 MSK
"test_creator2" time elapsed: 00:00:00
----------------------------------------------------------

5/5 Testing: test_some_operation
5/5 Test: test_some_operation
Command: "/Users/ignatvaschilo/badamPss/workspace/projects/rk/Catalog/Factory/easy/code/build/test_some_operation"
Directory: /Users/ignatvaschilo/badamPss/workspace/projects/rk/Catalog/Factory/easy/code/build
"test_some_operation" start time: May 28 05:55 MSK
Output:
----------------------------------------------------------
<end of output>
Test time =   0.19 sec
----------------------------------------------------------
Test Passed.
"test_some_operation" end time: May 28 05:55 MSK
"test_some_operation" time elapsed: 00:00:00
----------------------------------------------------------

End testing: May 28 05:55 MSK
